<?xml version="1.0" encoding="UTF-8"?>
<testng-results skipped="0" failed="0" ignored="0" total="2" passed="2">
  <reporter-output>
  </reporter-output>
  <suite name="Simplilearn" duration-ms="9336" started-at="2021-10-28T07:00:21 UTC" finished-at="2021-10-28T07:00:30 UTC">
    <groups>
    </groups>
    <test name="Test" duration-ms="9336" started-at="2021-10-28T07:00:21 UTC" finished-at="2021-10-28T07:00:30 UTC">
      <class name="Test.LoginTest">
        <test-method status="PASS" signature="ReportSetup()[pri:0, instance:Test.LoginTest@27808f31]" name="ReportSetup" is-config="true" duration-ms="161" started-at="2021-10-28T07:00:21 UTC" finished-at="2021-10-28T07:00:21 UTC">
          <reporter-output>
          </reporter-output>
        </test-method> <!-- ReportSetup -->
        <test-method status="PASS" signature="setup()[pri:0, instance:Test.LoginTest@27808f31]" name="setup" is-config="true" duration-ms="1626" started-at="2021-10-28T07:00:21 UTC" finished-at="2021-10-28T07:00:23 UTC">
          <reporter-output>
          </reporter-output>
        </test-method> <!-- setup -->
        <test-method status="PASS" signature="Negativelogin(java.lang.String,java.lang.String)[pri:0, instance:Test.LoginTest@27808f31]" name="Negativelogin" duration-ms="3108" started-at="2021-10-28T07:00:23 UTC" finished-at="2021-10-28T07:00:26 UTC">
          <params>
            <param index="0">
              <value>
                <![CDATA[abc@org.com]]>
              </value>
            </param>
            <param index="1">
              <value>
                <![CDATA[Axyz@123]]>
              </value>
            </param>
          </params>
          <reporter-output>
          </reporter-output>
        </test-method> <!-- Negativelogin -->
        <test-method status="PASS" signature="teardown()[pri:0, instance:Test.LoginTest@27808f31]" name="teardown" is-config="true" duration-ms="71" started-at="2021-10-28T07:00:26 UTC" finished-at="2021-10-28T07:00:26 UTC">
          <reporter-output>
          </reporter-output>
        </test-method> <!-- teardown -->
        <test-method status="PASS" signature="setup()[pri:0, instance:Test.LoginTest@27808f31]" name="setup" is-config="true" duration-ms="1420" started-at="2021-10-28T07:00:26 UTC" finished-at="2021-10-28T07:00:27 UTC">
          <reporter-output>
          </reporter-output>
        </test-method> <!-- setup -->
        <test-method status="PASS" signature="Positivelogin(java.lang.String,java.lang.String)[pri:0, instance:Test.LoginTest@27808f31]" name="Positivelogin" duration-ms="2562" started-at="2021-10-28T07:00:27 UTC" finished-at="2021-10-28T07:00:30 UTC">
          <params>
            <param index="0">
              <value>
                <![CDATA[abc@org.com]]>
              </value>
            </param>
            <param index="1">
              <value>
                <![CDATA[Opn@0044]]>
              </value>
            </param>
          </params>
          <reporter-output>
          </reporter-output>
        </test-method> <!-- Positivelogin -->
        <test-method status="PASS" signature="teardown()[pri:0, instance:Test.LoginTest@27808f31]" name="teardown" is-config="true" duration-ms="74" started-at="2021-10-28T07:00:30 UTC" finished-at="2021-10-28T07:00:30 UTC">
          <reporter-output>
          </reporter-output>
        </test-method> <!-- teardown -->
        <test-method status="PASS" signature="ReportTearDown()[pri:0, instance:Test.LoginTest@27808f31]" name="ReportTearDown" is-config="true" duration-ms="276" started-at="2021-10-28T07:00:30 UTC" finished-at="2021-10-28T07:00:30 UTC">
          <reporter-output>
          </reporter-output>
        </test-method> <!-- ReportTearDown -->
      </class> <!-- Test.LoginTest -->
    </test> <!-- Test -->
  </suite> <!-- Simplilearn -->
</testng-results>
